This file contains any messages produced by compilers while
running configure, to aid debugging if configure makes a mistake.

It was created by configure, which was
generated by GNU Autoconf 2.67.  Invocation command line was

  $ ./configure 

## --------- ##
## Platform. ##
## --------- ##

hostname = lyrical
uname -m = i686
uname -r = 3.0.0-15-generic-pae
uname -s = Linux
uname -v = #26-Ubuntu SMP Fri Jan 20 17:07:31 UTC 2012

/usr/bin/uname -p = unknown
/bin/uname -X     = unknown

/bin/arch              = unknown
/usr/bin/arch -k       = unknown
/usr/convex/getsysinfo = unknown
/usr/bin/hostinfo      = unknown
/bin/machine           = unknown
/usr/bin/oslevel       = unknown
/bin/universe          = unknown

PATH: /home/starlon/bin
PATH: /usr/lib/lightdm/lightdm
PATH: /usr/local/sbin
PATH: /usr/local/bin
PATH: /usr/sbin
PATH: /usr/bin
PATH: /sbin
PATH: /bin
PATH: /usr/games
PATH: /opt/android-sdk-linux/tools
PATH: /opt/android-sdk-linux/platform-tools
PATH: /opt/android-ndk-r6b


## ----------- ##
## Core tests. ##
## ----------- ##

configure:2567: checking for ICU version numbers
configure:2600: result: release 4.6, library 46.0, unicode version 6.0
configure:2639: checking build system type
configure:2653: result: i686-pc-linux-gnu
configure:2673: checking host system type
configure:2686: result: i686-pc-linux-gnu
configure:2706: checking target system type
configure:2719: result: i686-pc-linux-gnu
configure:2754: checking whether to build debug libraries
configure:2766: result: no
configure:2771: checking whether to build release libraries
configure:2783: result: yes
configure:2840: checking for gcc
configure:2856: found /usr/bin/gcc
configure:2867: result: gcc
configure:3096: checking for C compiler version
configure:3105: gcc --version >&5
gcc (Ubuntu/Linaro 4.6.1-9ubuntu3) 4.6.1
Copyright (C) 2011 Free Software Foundation, Inc.
This is free software; see the source for copying conditions.  There is NO
warranty; not even for MERCHANTABILITY or FITNESS FOR A PARTICULAR PURPOSE.

configure:3116: $? = 0
configure:3105: gcc -v >&5
Using built-in specs.
COLLECT_GCC=gcc
COLLECT_LTO_WRAPPER=/usr/lib/gcc/i686-linux-gnu/4.6.1/lto-wrapper
Target: i686-linux-gnu
Configured with: ../src/configure -v --with-pkgversion='Ubuntu/Linaro 4.6.1-9ubuntu3' --with-bugurl=file:///usr/share/doc/gcc-4.6/README.Bugs --enable-languages=c,c++,fortran,objc,obj-c++,go --prefix=/usr --program-suffix=-4.6 --enable-shared --enable-linker-build-id --with-system-zlib --libexecdir=/usr/lib --without-included-gettext --enable-threads=posix --with-gxx-include-dir=/usr/include/c++/4.6 --libdir=/usr/lib --enable-nls --with-sysroot=/ --enable-clocale=gnu --enable-libstdcxx-debug --enable-libstdcxx-time=yes --enable-plugin --enable-objc-gc --enable-targets=all --disable-werror --with-arch-32=i686 --with-tune=generic --enable-checking=release --build=i686-linux-gnu --host=i686-linux-gnu --target=i686-linux-gnu
Thread model: posix
gcc version 4.6.1 (Ubuntu/Linaro 4.6.1-9ubuntu3) 
configure:3116: $? = 0
configure:3105: gcc -V >&5
gcc: error: unrecognized option '-V'
gcc: fatal error: no input files
compilation terminated.
configure:3116: $? = 4
configure:3105: gcc -qversion >&5
gcc: error: unrecognized option '-qversion'
gcc: fatal error: no input files
compilation terminated.
configure:3116: $? = 4
configure:3136: checking whether the C compiler works
configure:3158: gcc    conftest.c  >&5
configure:3162: $? = 0
configure:3210: result: yes
configure:3213: checking for C compiler default output file name
configure:3215: result: a.out
configure:3221: checking for suffix of executables
configure:3228: gcc -o conftest    conftest.c  >&5
configure:3232: $? = 0
configure:3254: result: 
configure:3276: checking whether we are cross compiling
configure:3284: gcc -o conftest    conftest.c  >&5
configure:3288: $? = 0
configure:3295: ./conftest
configure:3299: $? = 0
configure:3314: result: no
configure:3319: checking for suffix of object files
configure:3341: gcc -c   conftest.c >&5
configure:3345: $? = 0
configure:3366: result: o
configure:3370: checking whether we are using the GNU C compiler
configure:3389: gcc -c   conftest.c >&5
configure:3389: $? = 0
configure:3398: result: yes
configure:3407: checking whether gcc accepts -g
configure:3427: gcc -c -g  conftest.c >&5
configure:3427: $? = 0
configure:3468: result: yes
configure:3485: checking for gcc option to accept ISO C89
configure:3549: gcc  -c   conftest.c >&5
configure:3549: $? = 0
configure:3562: result: none needed
configure:3640: checking for g++
configure:3656: found /usr/bin/g++
configure:3667: result: g++
configure:3694: checking for C++ compiler version
configure:3703: g++ --version >&5
g++ (Ubuntu/Linaro 4.6.1-9ubuntu3) 4.6.1
Copyright (C) 2011 Free Software Foundation, Inc.
This is free software; see the source for copying conditions.  There is NO
warranty; not even for MERCHANTABILITY or FITNESS FOR A PARTICULAR PURPOSE.

configure:3714: $? = 0
configure:3703: g++ -v >&5
Using built-in specs.
COLLECT_GCC=g++
COLLECT_LTO_WRAPPER=/usr/lib/gcc/i686-linux-gnu/4.6.1/lto-wrapper
Target: i686-linux-gnu
Configured with: ../src/configure -v --with-pkgversion='Ubuntu/Linaro 4.6.1-9ubuntu3' --with-bugurl=file:///usr/share/doc/gcc-4.6/README.Bugs --enable-languages=c,c++,fortran,objc,obj-c++,go --prefix=/usr --program-suffix=-4.6 --enable-shared --enable-linker-build-id --with-system-zlib --libexecdir=/usr/lib --without-included-gettext --enable-threads=posix --with-gxx-include-dir=/usr/include/c++/4.6 --libdir=/usr/lib --enable-nls --with-sysroot=/ --enable-clocale=gnu --enable-libstdcxx-debug --enable-libstdcxx-time=yes --enable-plugin --enable-objc-gc --enable-targets=all --disable-werror --with-arch-32=i686 --with-tune=generic --enable-checking=release --build=i686-linux-gnu --host=i686-linux-gnu --target=i686-linux-gnu
Thread model: posix
gcc version 4.6.1 (Ubuntu/Linaro 4.6.1-9ubuntu3) 
configure:3714: $? = 0
configure:3703: g++ -V >&5
g++: error: unrecognized option '-V'
g++: fatal error: no input files
compilation terminated.
configure:3714: $? = 4
configure:3703: g++ -qversion >&5
g++: error: unrecognized option '-qversion'
g++: fatal error: no input files
compilation terminated.
configure:3714: $? = 4
configure:3718: checking whether we are using the GNU C++ compiler
configure:3737: g++ -c   conftest.cpp >&5
configure:3737: $? = 0
configure:3746: result: yes
configure:3755: checking whether g++ accepts -g
configure:3775: g++ -c -g  conftest.cpp >&5
configure:3775: $? = 0
configure:3816: result: yes
configure:3866: checking how to run the C preprocessor
configure:3897: gcc -E  conftest.c
configure:3897: $? = 0
configure:3911: gcc -E  conftest.c
conftest.c:9:28: fatal error: ac_nonexistent.h: No such file or directory
compilation terminated.
configure:3911: $? = 1
configure: failed program was:
| /* confdefs.h */
| #define PACKAGE_NAME ""
| #define PACKAGE_TARNAME ""
| #define PACKAGE_VERSION ""
| #define PACKAGE_STRING ""
| #define PACKAGE_BUGREPORT ""
| #define PACKAGE_URL ""
| /* end confdefs.h.  */
| #include <ac_nonexistent.h>
configure:3936: result: gcc -E
configure:3956: gcc -E  conftest.c
configure:3956: $? = 0
configure:3970: gcc -E  conftest.c
conftest.c:9:28: fatal error: ac_nonexistent.h: No such file or directory
compilation terminated.
configure:3970: $? = 1
configure: failed program was:
| /* confdefs.h */
| #define PACKAGE_NAME ""
| #define PACKAGE_TARNAME ""
| #define PACKAGE_VERSION ""
| #define PACKAGE_STRING ""
| #define PACKAGE_BUGREPORT ""
| #define PACKAGE_URL ""
| /* end confdefs.h.  */
| #include <ac_nonexistent.h>
configure:4013: checking for a BSD-compatible install
configure:4081: result: /usr/bin/install -c
configure:4113: g++ -o conftest  -O2   conftest.cpp  >&5
configure:4113: $? = 0
configure:4141: checking for gmake
configure:4174: result: no
configure:4141: checking for gnumake
configure:4174: result: no
configure:4216: checking for doxygen
configure:4250: result: no
configure:4270: checking checking for executable suffix
configure:4277: result: 
configure:4283: checking whether strict compiling is on
configure:4299: result: yes
configure:4342: checking for grep that handles long lines and -e
configure:4400: result: /bin/grep
configure:4405: checking for egrep
configure:4467: result: /bin/grep -E
configure:4472: checking for ANSI C header files
configure:4492: gcc -c  -O2 -Wall -ansi -pedantic -Wshadow -Wpointer-arith -Wmissing-prototypes -Wwrite-strings -Wno-long-long  conftest.c >&5
configure:4492: $? = 0
configure:4565: gcc -o conftest  -O2 -Wall -ansi -pedantic -Wshadow -Wpointer-arith -Wmissing-prototypes -Wwrite-strings -Wno-long-long   conftest.c  >&5
configure:4565: $? = 0
configure:4565: ./conftest
configure:4565: $? = 0
configure:4576: result: yes
configure:4589: checking for sys/types.h
configure:4589: gcc -c  -O2 -Wall -ansi -pedantic -Wshadow -Wpointer-arith -Wmissing-prototypes -Wwrite-strings -Wno-long-long  conftest.c >&5
configure:4589: $? = 0
configure:4589: result: yes
configure:4589: checking for sys/stat.h
configure:4589: gcc -c  -O2 -Wall -ansi -pedantic -Wshadow -Wpointer-arith -Wmissing-prototypes -Wwrite-strings -Wno-long-long  conftest.c >&5
configure:4589: $? = 0
configure:4589: result: yes
configure:4589: checking for stdlib.h
configure:4589: gcc -c  -O2 -Wall -ansi -pedantic -Wshadow -Wpointer-arith -Wmissing-prototypes -Wwrite-strings -Wno-long-long  conftest.c >&5
configure:4589: $? = 0
configure:4589: result: yes
configure:4589: checking for string.h
configure:4589: gcc -c  -O2 -Wall -ansi -pedantic -Wshadow -Wpointer-arith -Wmissing-prototypes -Wwrite-strings -Wno-long-long  conftest.c >&5
configure:4589: $? = 0
configure:4589: result: yes
configure:4589: checking for memory.h
configure:4589: gcc -c  -O2 -Wall -ansi -pedantic -Wshadow -Wpointer-arith -Wmissing-prototypes -Wwrite-strings -Wno-long-long  conftest.c >&5
configure:4589: $? = 0
configure:4589: result: yes
configure:4589: checking for strings.h
configure:4589: gcc -c  -O2 -Wall -ansi -pedantic -Wshadow -Wpointer-arith -Wmissing-prototypes -Wwrite-strings -Wno-long-long  conftest.c >&5
configure:4589: $? = 0
configure:4589: result: yes
configure:4589: checking for inttypes.h
configure:4589: gcc -c  -O2 -Wall -ansi -pedantic -Wshadow -Wpointer-arith -Wmissing-prototypes -Wwrite-strings -Wno-long-long  conftest.c >&5
configure:4589: $? = 0
configure:4589: result: yes
configure:4589: checking for stdint.h
configure:4589: gcc -c  -O2 -Wall -ansi -pedantic -Wshadow -Wpointer-arith -Wmissing-prototypes -Wwrite-strings -Wno-long-long  conftest.c >&5
configure:4589: $? = 0
configure:4589: result: yes
configure:4589: checking for unistd.h
configure:4589: gcc -c  -O2 -Wall -ansi -pedantic -Wshadow -Wpointer-arith -Wmissing-prototypes -Wwrite-strings -Wno-long-long  conftest.c >&5
configure:4589: $? = 0
configure:4589: result: yes
configure:4638: checking size of void *
configure:4643: gcc -o conftest  -O2 -Wall -ansi -pedantic -Wshadow -Wpointer-arith -Wmissing-prototypes -Wwrite-strings -Wno-long-long   conftest.c  >&5
configure:4643: $? = 0
configure:4643: ./conftest
configure:4643: $? = 0
configure:4657: result: 4
configure:4667: checking whether runnable 64 bit binaries are built by default
configure:4724: result: no
configure:5055: checking which Makefile fragment to use for i686-pc-linux-gnu
configure:5136: result: mh-linux
configure:5185: checking for floor in -lm
configure:5210: gcc -o conftest  -O2 -Wall -ansi -pedantic -Wshadow -Wpointer-arith -Wmissing-prototypes -Wwrite-strings -Wno-long-long   conftest.c -lm   >&5
conftest.c:27:6: warning: conflicting types for built-in function 'floor' [enabled by default]
configure:5210: $? = 0
configure:5219: result: yes
configure:5235: checking whether to build shared libraries
configure:5250: result: yes
configure:5255: checking whether to build static libraries
configure:5267: result: no
configure:5272: checking whether to enable auto cleanup of libraries
configure:5284: result: no
configure:5323: checking whether to enable draft APIs
configure:5335: result: yes
configure:5344: checking for library API export
configure:5367: gcc -o conftest  -O2 -Wall -ansi -pedantic -Wshadow -Wpointer-arith -Wmissing-prototypes -Wwrite-strings -Wno-long-long -fvisibility=hidden   conftest.c -lm  >&5
configure:5367: $? = 0
configure:5422: result: yes
configure:5471: checking for ranlib
configure:5487: found /usr/bin/ranlib
configure:5498: result: ranlib
configure:5566: checking for ar
configure:5582: found /usr/bin/ar
configure:5593: result: ar
configure:5620: checking whether to enable renaming of symbols
configure:5633: result: yes
configure:5637: checking whether to enable function and data tracing
configure:5650: result: no
configure:5656: checking whether to enable dynamic loading of plugins
configure:5677: checking dlfcn.h usability
configure:5677: gcc -c  -O2 -Wall -ansi -pedantic -Wshadow -Wpointer-arith -Wmissing-prototypes -Wwrite-strings -Wno-long-long  conftest.c >&5
configure:5677: $? = 0
configure:5677: result: yes
configure:5677: checking dlfcn.h presence
configure:5677: gcc -E  conftest.c
configure:5677: $? = 0
configure:5677: result: yes
configure:5677: checking for dlfcn.h
configure:5677: result: yes
configure:5690: checking for library containing dlopen
configure:5721: gcc -o conftest  -O2 -Wall -ansi -pedantic -Wshadow -Wpointer-arith -Wmissing-prototypes -Wwrite-strings -Wno-long-long   conftest.c -lm  >&5
/tmp/ccsTvIc8.o: In function `main':
conftest.c:(.text.startup+0x7): undefined reference to `dlopen'
collect2: ld returned 1 exit status
configure:5721: $? = 1
configure: failed program was:
| /* confdefs.h */
| #define PACKAGE_NAME ""
| #define PACKAGE_TARNAME ""
| #define PACKAGE_VERSION ""
| #define PACKAGE_STRING ""
| #define PACKAGE_BUGREPORT ""
| #define PACKAGE_URL ""
| #define STDC_HEADERS 1
| #define HAVE_SYS_TYPES_H 1
| #define HAVE_SYS_STAT_H 1
| #define HAVE_STDLIB_H 1
| #define HAVE_STRING_H 1
| #define HAVE_MEMORY_H 1
| #define HAVE_STRINGS_H 1
| #define HAVE_INTTYPES_H 1
| #define HAVE_STDINT_H 1
| #define HAVE_UNISTD_H 1
| #define SIZEOF_VOID_P 4
| #define HAVE_LIBM 1
| #define HAVE_DLFCN_H 1
| /* end confdefs.h.  */
| 
| /* Override any GCC internal prototype to avoid an error.
|    Use char because int might match the return type of a GCC
|    builtin and then its argument prototype would still apply.  */
| #ifdef __cplusplus
| extern "C"
| #endif
| char dlopen ();
| int
| main ()
| {
| return dlopen ();
|   ;
|   return 0;
| }
configure:5721: gcc -o conftest  -O2 -Wall -ansi -pedantic -Wshadow -Wpointer-arith -Wmissing-prototypes -Wwrite-strings -Wno-long-long   conftest.c -ldl  -lm  >&5
configure:5721: $? = 0
configure:5738: result: -ldl
configure:5748: checking for dlopen
configure:5748: gcc -o conftest  -O2 -Wall -ansi -pedantic -Wshadow -Wpointer-arith -Wmissing-prototypes -Wwrite-strings -Wno-long-long   conftest.c -ldl -lm  >&5
configure:5748: $? = 0
configure:5748: result: yes
configure:5768: checking for gettimeofday
configure:5768: gcc -o conftest  -O2 -Wall -ansi -pedantic -Wshadow -Wpointer-arith -Wmissing-prototypes -Wwrite-strings -Wno-long-long   conftest.c -ldl -lm  >&5
configure:5768: $? = 0
configure:5768: result: yes
configure:5797: checking for definition of U_INLINE for C
configure:5815: gcc -c  -O2 -Wall -ansi -pedantic -Wshadow -Wpointer-arith -Wmissing-prototypes -Wwrite-strings -Wno-long-long  conftest.c >&5
conftest.c:28:19: error: expected '=', ',', ';', 'asm' or '__attribute__' before 'int'
configure:5815: $? = 1
configure: failed program was:
| /* confdefs.h */
| #define PACKAGE_NAME ""
| #define PACKAGE_TARNAME ""
| #define PACKAGE_VERSION ""
| #define PACKAGE_STRING ""
| #define PACKAGE_BUGREPORT ""
| #define PACKAGE_URL ""
| #define STDC_HEADERS 1
| #define HAVE_SYS_TYPES_H 1
| #define HAVE_SYS_STAT_H 1
| #define HAVE_STDLIB_H 1
| #define HAVE_STRING_H 1
| #define HAVE_MEMORY_H 1
| #define HAVE_STRINGS_H 1
| #define HAVE_INTTYPES_H 1
| #define HAVE_STDINT_H 1
| #define HAVE_UNISTD_H 1
| #define SIZEOF_VOID_P 4
| #define HAVE_LIBM 1
| #define HAVE_DLFCN_H 1
| #define HAVE_DLOPEN 1
| #define HAVE_GETTIMEOFDAY 1
| /* end confdefs.h.  */
| 
| int
| main ()
| {
| return 0;} inline int foo() {
|   ;
|   return 0;
| }
configure:5815: gcc -c  -O2 -Wall -ansi -pedantic -Wshadow -Wpointer-arith -Wmissing-prototypes -Wwrite-strings -Wno-long-long  conftest.c >&5
conftest.c:28:27: warning: no previous prototype for 'foo' [-Wmissing-prototypes]
configure:5815: $? = 0
configure:5822: result: __inline__
configure:5841: checking if we have a C++ compiler
configure:5854: g++ -c  -O2 -W -Wall -ansi -pedantic -Wpointer-arith -Wwrite-strings -Wno-long-long  conftest.cpp >&5
configure:5854: $? = 0
configure:5862: result: congratulations
configure:5870: checking if #include <string> works
configure:5883: g++ -c  -O2 -W -Wall -ansi -pedantic -Wpointer-arith -Wwrite-strings -Wno-long-long  conftest.cpp >&5
configure:5883: $? = 0
configure:5889: result: yes
configure:5934: checking for pthread_attr_init in -lpthread
configure:5959: gcc -o conftest  -O2 -Wall -ansi -pedantic -Wshadow -Wpointer-arith -Wmissing-prototypes -Wwrite-strings -Wno-long-long   conftest.c -lpthread  -ldl -lm  >&5
configure:5959: $? = 0
configure:5968: result: yes
configure:6173: checking for mmap
configure:6192: gcc -o conftest  -O2 -Wall -ansi -pedantic -Wshadow -Wpointer-arith -Wmissing-prototypes -Wwrite-strings -Wno-long-long   conftest.c -lpthread -ldl -lm  >&5
configure:6192: $? = 0
configure:6201: result: yes
configure:6209: checking for genccode assembly
configure:6243: result: -a gcc
configure:6249: checking for inttypes.h
configure:6249: result: yes
configure:6276: checking dirent.h usability
configure:6276: gcc -c  -O2 -Wall -ansi -pedantic -Wshadow -Wpointer-arith -Wmissing-prototypes -Wwrite-strings -Wno-long-long  conftest.c >&5
configure:6276: $? = 0
configure:6276: result: yes
configure:6276: checking dirent.h presence
configure:6276: gcc -E  conftest.c
configure:6276: $? = 0
configure:6276: result: yes
configure:6276: checking for dirent.h
configure:6276: result: yes
configure:6325: checking for iostream usability
configure:6338: g++ -c  -O2 -W -Wall -ansi -pedantic -Wpointer-arith -Wwrite-strings -Wno-long-long  conftest.cpp >&5
configure:6338: $? = 0
configure:6351: result: yes
configure:6416: checking whether byte ordering is bigendian
configure:6431: gcc -c  -O2 -Wall -ansi -pedantic -Wshadow -Wpointer-arith -Wmissing-prototypes -Wwrite-strings -Wno-long-long  conftest.c >&5
conftest.c:28:9: error: unknown type name 'not'
conftest.c:28:15: error: expected '=', ',', ';', 'asm' or '__attribute__' before 'universal'
conftest.c:28:15: error: unknown type name 'universal'
configure:6431: $? = 1
configure: failed program was:
| /* confdefs.h */
| #define PACKAGE_NAME ""
| #define PACKAGE_TARNAME ""
| #define PACKAGE_VERSION ""
| #define PACKAGE_STRING ""
| #define PACKAGE_BUGREPORT ""
| #define PACKAGE_URL ""
| #define STDC_HEADERS 1
| #define HAVE_SYS_TYPES_H 1
| #define HAVE_SYS_STAT_H 1
| #define HAVE_STDLIB_H 1
| #define HAVE_STRING_H 1
| #define HAVE_MEMORY_H 1
| #define HAVE_STRINGS_H 1
| #define HAVE_INTTYPES_H 1
| #define HAVE_STDINT_H 1
| #define HAVE_UNISTD_H 1
| #define SIZEOF_VOID_P 4
| #define HAVE_LIBM 1
| #define HAVE_DLFCN_H 1
| #define HAVE_DLOPEN 1
| #define HAVE_GETTIMEOFDAY 1
| #define HAVE_LIBPTHREAD 1
| #define HAVE_INTTYPES_H 1
| #define HAVE_DIRENT_H 1
| /* end confdefs.h.  */
| #ifndef __APPLE_CC__
| 	       not a universal capable compiler
| 	     #endif
| 	     typedef int dummy;
| 
configure:6476: gcc -c  -O2 -Wall -ansi -pedantic -Wshadow -Wpointer-arith -Wmissing-prototypes -Wwrite-strings -Wno-long-long  conftest.c >&5
conftest.c: In function 'main':
conftest.c:34:8: error: unknown type name 'bogus'
conftest.c:34:21: error: expected '=', ',', ';', 'asm' or '__attribute__' before 'macros'
configure:6476: $? = 1
configure: failed program was:
| /* confdefs.h */
| #define PACKAGE_NAME ""
| #define PACKAGE_TARNAME ""
| #define PACKAGE_VERSION ""
| #define PACKAGE_STRING ""
| #define PACKAGE_BUGREPORT ""
| #define PACKAGE_URL ""
| #define STDC_HEADERS 1
| #define HAVE_SYS_TYPES_H 1
| #define HAVE_SYS_STAT_H 1
| #define HAVE_STDLIB_H 1
| #define HAVE_STRING_H 1
| #define HAVE_MEMORY_H 1
| #define HAVE_STRINGS_H 1
| #define HAVE_INTTYPES_H 1
| #define HAVE_STDINT_H 1
| #define HAVE_UNISTD_H 1
| #define SIZEOF_VOID_P 4
| #define HAVE_LIBM 1
| #define HAVE_DLFCN_H 1
| #define HAVE_DLOPEN 1
| #define HAVE_GETTIMEOFDAY 1
| #define HAVE_LIBPTHREAD 1
| #define HAVE_INTTYPES_H 1
| #define HAVE_DIRENT_H 1
| /* end confdefs.h.  */
| #include <sys/types.h>
| 	     #include <sys/param.h>
| 
| int
| main ()
| {
| #if ! (defined BYTE_ORDER && defined BIG_ENDIAN 		     && defined LITTLE_ENDIAN && BYTE_ORDER && BIG_ENDIAN 		     && LITTLE_ENDIAN)
| 	      bogus endian macros
| 	     #endif
| 
|   ;
|   return 0;
| }
configure:6520: gcc -c  -O2 -Wall -ansi -pedantic -Wshadow -Wpointer-arith -Wmissing-prototypes -Wwrite-strings -Wno-long-long  conftest.c >&5
conftest.c: In function 'main':
conftest.c:33:8: error: unknown type name 'bogus'
conftest.c:33:21: error: expected '=', ',', ';', 'asm' or '__attribute__' before 'macros'
configure:6520: $? = 1
configure: failed program was:
| /* confdefs.h */
| #define PACKAGE_NAME ""
| #define PACKAGE_TARNAME ""
| #define PACKAGE_VERSION ""
| #define PACKAGE_STRING ""
| #define PACKAGE_BUGREPORT ""
| #define PACKAGE_URL ""
| #define STDC_HEADERS 1
| #define HAVE_SYS_TYPES_H 1
| #define HAVE_SYS_STAT_H 1
| #define HAVE_STDLIB_H 1
| #define HAVE_STRING_H 1
| #define HAVE_MEMORY_H 1
| #define HAVE_STRINGS_H 1
| #define HAVE_INTTYPES_H 1
| #define HAVE_STDINT_H 1
| #define HAVE_UNISTD_H 1
| #define SIZEOF_VOID_P 4
| #define HAVE_LIBM 1
| #define HAVE_DLFCN_H 1
| #define HAVE_DLOPEN 1
| #define HAVE_GETTIMEOFDAY 1
| #define HAVE_LIBPTHREAD 1
| #define HAVE_INTTYPES_H 1
| #define HAVE_DIRENT_H 1
| /* end confdefs.h.  */
| #include <limits.h>
| 
| int
| main ()
| {
| #if ! (defined _LITTLE_ENDIAN || defined _BIG_ENDIAN)
| 	      bogus endian macros
| 	     #endif
| 
|   ;
|   return 0;
| }
configure:6611: gcc -o conftest  -O2 -Wall -ansi -pedantic -Wshadow -Wpointer-arith -Wmissing-prototypes -Wwrite-strings -Wno-long-long   conftest.c -lpthread -ldl -lm  >&5
configure:6611: $? = 0
configure:6611: ./conftest
configure:6611: $? = 0
configure:6622: result: no
configure:6652: checking for nl_langinfo
configure:6652: gcc -o conftest  -O2 -Wall -ansi -pedantic -Wshadow -Wpointer-arith -Wmissing-prototypes -Wwrite-strings -Wno-long-long   conftest.c -lpthread -ldl -lm  >&5
configure:6652: $? = 0
configure:6652: result: yes
configure:6660: checking for nl_langinfo's argument to obtain the codeset
configure:6678: gcc -o conftest  -O2 -Wall -ansi -pedantic -Wshadow -Wpointer-arith -Wmissing-prototypes -Wwrite-strings -Wno-long-long   conftest.c -lpthread -ldl -lm  >&5
configure:6678: $? = 0
configure:6685: result: CODESET
configure:6703: checking for namespace support
configure:6722: g++ -o conftest  -O2 -W -Wall -ansi -pedantic -Wpointer-arith -Wwrite-strings -Wno-long-long   conftest.cpp -lpthread -ldl -lm  >&5
configure:6722: $? = 0
configure:6731: result: yes
configure:6740: checking for properly overriding new and delete
configure:6766: g++ -o conftest  -O2 -W -Wall -ansi -pedantic -Wpointer-arith -Wwrite-strings -Wno-long-long   conftest.cpp -lpthread -ldl -lm  >&5
configure:6766: $? = 0
configure:6775: result: yes
configure:6780: checking for placement new and delete
configure:6806: g++ -o conftest  -O2 -W -Wall -ansi -pedantic -Wpointer-arith -Wwrite-strings -Wno-long-long   conftest.cpp -lpthread -ldl -lm  >&5
configure:6806: $? = 0
configure:6815: result: yes
configure:6833: checking for gcc atomic functions
configure:6854: gcc -o conftest  -O2 -Wall -ansi -pedantic -Wshadow -Wpointer-arith -Wmissing-prototypes -Wwrite-strings -Wno-long-long   conftest.c -lpthread -ldl -lm  >&5
conftest.c: In function 'main':
conftest.c:37:36: warning: value computed is not used [-Wunused-value]
configure:6854: $? = 0
configure:6855: result: yes
configure:6871: checking for popen
configure:6871: gcc -o conftest  -O2 -Wall -ansi -pedantic -Wshadow -Wpointer-arith -Wmissing-prototypes -Wwrite-strings -Wno-long-long   conftest.c -lpthread -ldl -lm  >&5
configure:6871: $? = 0
configure:6871: result: yes
configure:6884: checking for tzset
configure:6884: gcc -o conftest  -O2 -Wall -ansi -pedantic -Wshadow -Wpointer-arith -Wmissing-prototypes -Wwrite-strings -Wno-long-long   conftest.c -lpthread -ldl -lm  >&5
configure:6884: $? = 0
configure:6884: result: yes
configure:6910: checking for tzname
configure:6933: gcc -o conftest  -O2 -Wall -ansi -pedantic -Wshadow -Wpointer-arith -Wmissing-prototypes -Wwrite-strings -Wno-long-long   conftest.c -lpthread -ldl -lm  >&5
conftest.c: In function 'main':
conftest.c:38:1: warning: statement with no effect [-Wunused-value]
conftest.c:38:5: warning: ignoring return value of 'atoi', declared with attribute warn_unused_result [-Wunused-result]
configure:6933: $? = 0
configure:6941: result: yes
configure:6983: checking for timezone
configure:7006: gcc -o conftest  -O2 -Wall -ansi -pedantic -Wshadow -Wpointer-arith -Wmissing-prototypes -Wwrite-strings -Wno-long-long   conftest.c -lpthread -ldl -lm  >&5
conftest.c: In function 'main':
conftest.c:38:1: error: 'timezone' undeclared (first use in this function)
conftest.c:38:1: note: each undeclared identifier is reported only once for each function it appears in
configure:7006: $? = 1
configure: failed program was:
| /* confdefs.h */
| #define PACKAGE_NAME ""
| #define PACKAGE_TARNAME ""
| #define PACKAGE_VERSION ""
| #define PACKAGE_STRING ""
| #define PACKAGE_BUGREPORT ""
| #define PACKAGE_URL ""
| #define STDC_HEADERS 1
| #define HAVE_SYS_TYPES_H 1
| #define HAVE_SYS_STAT_H 1
| #define HAVE_STDLIB_H 1
| #define HAVE_STRING_H 1
| #define HAVE_MEMORY_H 1
| #define HAVE_STRINGS_H 1
| #define HAVE_INTTYPES_H 1
| #define HAVE_STDINT_H 1
| #define HAVE_UNISTD_H 1
| #define SIZEOF_VOID_P 4
| #define HAVE_LIBM 1
| #define HAVE_DLFCN_H 1
| #define HAVE_DLOPEN 1
| #define HAVE_GETTIMEOFDAY 1
| #define HAVE_LIBPTHREAD 1
| #define HAVE_INTTYPES_H 1
| #define HAVE_DIRENT_H 1
| /* end confdefs.h.  */
| #ifndef __USE_POSIX
| #define __USE_POSIX
| #endif
| #ifndef __USE_XOPEN
| #define __USE_XOPEN
| #endif
| #include <time.h>
| 
| int
| main ()
| {
| timezone = 1;
|   ;
|   return 0;
| }
configure:7014: result: no
configure:7021: checking for __timezone
configure:7037: gcc -o conftest  -O2 -Wall -ansi -pedantic -Wshadow -Wpointer-arith -Wmissing-prototypes -Wwrite-strings -Wno-long-long   conftest.c -lpthread -ldl -lm  >&5
configure:7037: $? = 0
configure:7045: result: yes
configure:7087: checking for int8_t
configure:7087: gcc -c  -O2 -Wall -ansi -pedantic -Wshadow -Wpointer-arith -Wmissing-prototypes -Wwrite-strings -Wno-long-long  conftest.c >&5
configure:7087: $? = 0
configure:7087: gcc -c  -O2 -Wall -ansi -pedantic -Wshadow -Wpointer-arith -Wmissing-prototypes -Wwrite-strings -Wno-long-long  conftest.c >&5
conftest.c: In function 'main':
conftest.c:63:21: error: expected expression before ')' token
configure:7087: $? = 1
configure: failed program was:
| /* confdefs.h */
| #define PACKAGE_NAME ""
| #define PACKAGE_TARNAME ""
| #define PACKAGE_VERSION ""
| #define PACKAGE_STRING ""
| #define PACKAGE_BUGREPORT ""
| #define PACKAGE_URL ""
| #define STDC_HEADERS 1
| #define HAVE_SYS_TYPES_H 1
| #define HAVE_SYS_STAT_H 1
| #define HAVE_STDLIB_H 1
| #define HAVE_STRING_H 1
| #define HAVE_MEMORY_H 1
| #define HAVE_STRINGS_H 1
| #define HAVE_INTTYPES_H 1
| #define HAVE_STDINT_H 1
| #define HAVE_UNISTD_H 1
| #define SIZEOF_VOID_P 4
| #define HAVE_LIBM 1
| #define HAVE_DLFCN_H 1
| #define HAVE_DLOPEN 1
| #define HAVE_GETTIMEOFDAY 1
| #define HAVE_LIBPTHREAD 1
| #define HAVE_INTTYPES_H 1
| #define HAVE_DIRENT_H 1
| /* end confdefs.h.  */
| #include <stdio.h>
| #ifdef HAVE_SYS_TYPES_H
| # include <sys/types.h>
| #endif
| #ifdef HAVE_SYS_STAT_H
| # include <sys/stat.h>
| #endif
| #ifdef STDC_HEADERS
| # include <stdlib.h>
| # include <stddef.h>
| #else
| # ifdef HAVE_STDLIB_H
| #  include <stdlib.h>
| # endif
| #endif
| #ifdef HAVE_STRING_H
| # if !defined STDC_HEADERS && defined HAVE_MEMORY_H
| #  include <memory.h>
| # endif
| # include <string.h>
| #endif
| #ifdef HAVE_STRINGS_H
| # include <strings.h>
| #endif
| #ifdef HAVE_INTTYPES_H
| # include <inttypes.h>
| #endif
| #ifdef HAVE_STDINT_H
| # include <stdint.h>
| #endif
| #ifdef HAVE_UNISTD_H
| # include <unistd.h>
| #endif
| int
| main ()
| {
| if (sizeof ((int8_t)))
| 	    return 0;
|   ;
|   return 0;
| }
configure:7087: result: yes
configure:7098: checking for uint8_t
configure:7098: gcc -c  -O2 -Wall -ansi -pedantic -Wshadow -Wpointer-arith -Wmissing-prototypes -Wwrite-strings -Wno-long-long  conftest.c >&5
configure:7098: $? = 0
configure:7098: gcc -c  -O2 -Wall -ansi -pedantic -Wshadow -Wpointer-arith -Wmissing-prototypes -Wwrite-strings -Wno-long-long  conftest.c >&5
conftest.c: In function 'main':
conftest.c:63:22: error: expected expression before ')' token
configure:7098: $? = 1
configure: failed program was:
| /* confdefs.h */
| #define PACKAGE_NAME ""
| #define PACKAGE_TARNAME ""
| #define PACKAGE_VERSION ""
| #define PACKAGE_STRING ""
| #define PACKAGE_BUGREPORT ""
| #define PACKAGE_URL ""
| #define STDC_HEADERS 1
| #define HAVE_SYS_TYPES_H 1
| #define HAVE_SYS_STAT_H 1
| #define HAVE_STDLIB_H 1
| #define HAVE_STRING_H 1
| #define HAVE_MEMORY_H 1
| #define HAVE_STRINGS_H 1
| #define HAVE_INTTYPES_H 1
| #define HAVE_STDINT_H 1
| #define HAVE_UNISTD_H 1
| #define SIZEOF_VOID_P 4
| #define HAVE_LIBM 1
| #define HAVE_DLFCN_H 1
| #define HAVE_DLOPEN 1
| #define HAVE_GETTIMEOFDAY 1
| #define HAVE_LIBPTHREAD 1
| #define HAVE_INTTYPES_H 1
| #define HAVE_DIRENT_H 1
| /* end confdefs.h.  */
| #include <stdio.h>
| #ifdef HAVE_SYS_TYPES_H
| # include <sys/types.h>
| #endif
| #ifdef HAVE_SYS_STAT_H
| # include <sys/stat.h>
| #endif
| #ifdef STDC_HEADERS
| # include <stdlib.h>
| # include <stddef.h>
| #else
| # ifdef HAVE_STDLIB_H
| #  include <stdlib.h>
| # endif
| #endif
| #ifdef HAVE_STRING_H
| # if !defined STDC_HEADERS && defined HAVE_MEMORY_H
| #  include <memory.h>
| # endif
| # include <string.h>
| #endif
| #ifdef HAVE_STRINGS_H
| # include <strings.h>
| #endif
| #ifdef HAVE_INTTYPES_H
| # include <inttypes.h>
| #endif
| #ifdef HAVE_STDINT_H
| # include <stdint.h>
| #endif
| #ifdef HAVE_UNISTD_H
| # include <unistd.h>
| #endif
| int
| main ()
| {
| if (sizeof ((uint8_t)))
| 	    return 0;
|   ;
|   return 0;
| }
configure:7098: result: yes
configure:7109: checking for int16_t
configure:7109: gcc -c  -O2 -Wall -ansi -pedantic -Wshadow -Wpointer-arith -Wmissing-prototypes -Wwrite-strings -Wno-long-long  conftest.c >&5
configure:7109: $? = 0
configure:7109: gcc -c  -O2 -Wall -ansi -pedantic -Wshadow -Wpointer-arith -Wmissing-prototypes -Wwrite-strings -Wno-long-long  conftest.c >&5
conftest.c: In function 'main':
conftest.c:63:22: error: expected expression before ')' token
configure:7109: $? = 1
configure: failed program was:
| /* confdefs.h */
| #define PACKAGE_NAME ""
| #define PACKAGE_TARNAME ""
| #define PACKAGE_VERSION ""
| #define PACKAGE_STRING ""
| #define PACKAGE_BUGREPORT ""
| #define PACKAGE_URL ""
| #define STDC_HEADERS 1
| #define HAVE_SYS_TYPES_H 1
| #define HAVE_SYS_STAT_H 1
| #define HAVE_STDLIB_H 1
| #define HAVE_STRING_H 1
| #define HAVE_MEMORY_H 1
| #define HAVE_STRINGS_H 1
| #define HAVE_INTTYPES_H 1
| #define HAVE_STDINT_H 1
| #define HAVE_UNISTD_H 1
| #define SIZEOF_VOID_P 4
| #define HAVE_LIBM 1
| #define HAVE_DLFCN_H 1
| #define HAVE_DLOPEN 1
| #define HAVE_GETTIMEOFDAY 1
| #define HAVE_LIBPTHREAD 1
| #define HAVE_INTTYPES_H 1
| #define HAVE_DIRENT_H 1
| /* end confdefs.h.  */
| #include <stdio.h>
| #ifdef HAVE_SYS_TYPES_H
| # include <sys/types.h>
| #endif
| #ifdef HAVE_SYS_STAT_H
| # include <sys/stat.h>
| #endif
| #ifdef STDC_HEADERS
| # include <stdlib.h>
| # include <stddef.h>
| #else
| # ifdef HAVE_STDLIB_H
| #  include <stdlib.h>
| # endif
| #endif
| #ifdef HAVE_STRING_H
| # if !defined STDC_HEADERS && defined HAVE_MEMORY_H
| #  include <memory.h>
| # endif
| # include <string.h>
| #endif
| #ifdef HAVE_STRINGS_H
| # include <strings.h>
| #endif
| #ifdef HAVE_INTTYPES_H
| # include <inttypes.h>
| #endif
| #ifdef HAVE_STDINT_H
| # include <stdint.h>
| #endif
| #ifdef HAVE_UNISTD_H
| # include <unistd.h>
| #endif
| int
| main ()
| {
| if (sizeof ((int16_t)))
| 	    return 0;
|   ;
|   return 0;
| }
configure:7109: result: yes
configure:7120: checking for uint16_t
configure:7120: gcc -c  -O2 -Wall -ansi -pedantic -Wshadow -Wpointer-arith -Wmissing-prototypes -Wwrite-strings -Wno-long-long  conftest.c >&5
configure:7120: $? = 0
configure:7120: gcc -c  -O2 -Wall -ansi -pedantic -Wshadow -Wpointer-arith -Wmissing-prototypes -Wwrite-strings -Wno-long-long  conftest.c >&5
conftest.c: In function 'main':
conftest.c:63:23: error: expected expression before ')' token
configure:7120: $? = 1
configure: failed program was:
| /* confdefs.h */
| #define PACKAGE_NAME ""
| #define PACKAGE_TARNAME ""
| #define PACKAGE_VERSION ""
| #define PACKAGE_STRING ""
| #define PACKAGE_BUGREPORT ""
| #define PACKAGE_URL ""
| #define STDC_HEADERS 1
| #define HAVE_SYS_TYPES_H 1
| #define HAVE_SYS_STAT_H 1
| #define HAVE_STDLIB_H 1
| #define HAVE_STRING_H 1
| #define HAVE_MEMORY_H 1
| #define HAVE_STRINGS_H 1
| #define HAVE_INTTYPES_H 1
| #define HAVE_STDINT_H 1
| #define HAVE_UNISTD_H 1
| #define SIZEOF_VOID_P 4
| #define HAVE_LIBM 1
| #define HAVE_DLFCN_H 1
| #define HAVE_DLOPEN 1
| #define HAVE_GETTIMEOFDAY 1
| #define HAVE_LIBPTHREAD 1
| #define HAVE_INTTYPES_H 1
| #define HAVE_DIRENT_H 1
| /* end confdefs.h.  */
| #include <stdio.h>
| #ifdef HAVE_SYS_TYPES_H
| # include <sys/types.h>
| #endif
| #ifdef HAVE_SYS_STAT_H
| # include <sys/stat.h>
| #endif
| #ifdef STDC_HEADERS
| # include <stdlib.h>
| # include <stddef.h>
| #else
| # ifdef HAVE_STDLIB_H
| #  include <stdlib.h>
| # endif
| #endif
| #ifdef HAVE_STRING_H
| # if !defined STDC_HEADERS && defined HAVE_MEMORY_H
| #  include <memory.h>
| # endif
| # include <string.h>
| #endif
| #ifdef HAVE_STRINGS_H
| # include <strings.h>
| #endif
| #ifdef HAVE_INTTYPES_H
| # include <inttypes.h>
| #endif
| #ifdef HAVE_STDINT_H
| # include <stdint.h>
| #endif
| #ifdef HAVE_UNISTD_H
| # include <unistd.h>
| #endif
| int
| main ()
| {
| if (sizeof ((uint16_t)))
| 	    return 0;
|   ;
|   return 0;
| }
configure:7120: result: yes
configure:7131: checking for int32_t
configure:7131: gcc -c  -O2 -Wall -ansi -pedantic -Wshadow -Wpointer-arith -Wmissing-prototypes -Wwrite-strings -Wno-long-long  conftest.c >&5
configure:7131: $? = 0
configure:7131: gcc -c  -O2 -Wall -ansi -pedantic -Wshadow -Wpointer-arith -Wmissing-prototypes -Wwrite-strings -Wno-long-long  conftest.c >&5
conftest.c: In function 'main':
conftest.c:63:22: error: expected expression before ')' token
configure:7131: $? = 1
configure: failed program was:
| /* confdefs.h */
| #define PACKAGE_NAME ""
| #define PACKAGE_TARNAME ""
| #define PACKAGE_VERSION ""
| #define PACKAGE_STRING ""
| #define PACKAGE_BUGREPORT ""
| #define PACKAGE_URL ""
| #define STDC_HEADERS 1
| #define HAVE_SYS_TYPES_H 1
| #define HAVE_SYS_STAT_H 1
| #define HAVE_STDLIB_H 1
| #define HAVE_STRING_H 1
| #define HAVE_MEMORY_H 1
| #define HAVE_STRINGS_H 1
| #define HAVE_INTTYPES_H 1
| #define HAVE_STDINT_H 1
| #define HAVE_UNISTD_H 1
| #define SIZEOF_VOID_P 4
| #define HAVE_LIBM 1
| #define HAVE_DLFCN_H 1
| #define HAVE_DLOPEN 1
| #define HAVE_GETTIMEOFDAY 1
| #define HAVE_LIBPTHREAD 1
| #define HAVE_INTTYPES_H 1
| #define HAVE_DIRENT_H 1
| /* end confdefs.h.  */
| #include <stdio.h>
| #ifdef HAVE_SYS_TYPES_H
| # include <sys/types.h>
| #endif
| #ifdef HAVE_SYS_STAT_H
| # include <sys/stat.h>
| #endif
| #ifdef STDC_HEADERS
| # include <stdlib.h>
| # include <stddef.h>
| #else
| # ifdef HAVE_STDLIB_H
| #  include <stdlib.h>
| # endif
| #endif
| #ifdef HAVE_STRING_H
| # if !defined STDC_HEADERS && defined HAVE_MEMORY_H
| #  include <memory.h>
| # endif
| # include <string.h>
| #endif
| #ifdef HAVE_STRINGS_H
| # include <strings.h>
| #endif
| #ifdef HAVE_INTTYPES_H
| # include <inttypes.h>
| #endif
| #ifdef HAVE_STDINT_H
| # include <stdint.h>
| #endif
| #ifdef HAVE_UNISTD_H
| # include <unistd.h>
| #endif
| int
| main ()
| {
| if (sizeof ((int32_t)))
| 	    return 0;
|   ;
|   return 0;
| }
configure:7131: result: yes
configure:7142: checking for uint32_t
configure:7142: gcc -c  -O2 -Wall -ansi -pedantic -Wshadow -Wpointer-arith -Wmissing-prototypes -Wwrite-strings -Wno-long-long  conftest.c >&5
configure:7142: $? = 0
configure:7142: gcc -c  -O2 -Wall -ansi -pedantic -Wshadow -Wpointer-arith -Wmissing-prototypes -Wwrite-strings -Wno-long-long  conftest.c >&5
conftest.c: In function 'main':
conftest.c:63:23: error: expected expression before ')' token
configure:7142: $? = 1
configure: failed program was:
| /* confdefs.h */
| #define PACKAGE_NAME ""
| #define PACKAGE_TARNAME ""
| #define PACKAGE_VERSION ""
| #define PACKAGE_STRING ""
| #define PACKAGE_BUGREPORT ""
| #define PACKAGE_URL ""
| #define STDC_HEADERS 1
| #define HAVE_SYS_TYPES_H 1
| #define HAVE_SYS_STAT_H 1
| #define HAVE_STDLIB_H 1
| #define HAVE_STRING_H 1
| #define HAVE_MEMORY_H 1
| #define HAVE_STRINGS_H 1
| #define HAVE_INTTYPES_H 1
| #define HAVE_STDINT_H 1
| #define HAVE_UNISTD_H 1
| #define SIZEOF_VOID_P 4
| #define HAVE_LIBM 1
| #define HAVE_DLFCN_H 1
| #define HAVE_DLOPEN 1
| #define HAVE_GETTIMEOFDAY 1
| #define HAVE_LIBPTHREAD 1
| #define HAVE_INTTYPES_H 1
| #define HAVE_DIRENT_H 1
| /* end confdefs.h.  */
| #include <stdio.h>
| #ifdef HAVE_SYS_TYPES_H
| # include <sys/types.h>
| #endif
| #ifdef HAVE_SYS_STAT_H
| # include <sys/stat.h>
| #endif
| #ifdef STDC_HEADERS
| # include <stdlib.h>
| # include <stddef.h>
| #else
| # ifdef HAVE_STDLIB_H
| #  include <stdlib.h>
| # endif
| #endif
| #ifdef HAVE_STRING_H
| # if !defined STDC_HEADERS && defined HAVE_MEMORY_H
| #  include <memory.h>
| # endif
| # include <string.h>
| #endif
| #ifdef HAVE_STRINGS_H
| # include <strings.h>
| #endif
| #ifdef HAVE_INTTYPES_H
| # include <inttypes.h>
| #endif
| #ifdef HAVE_STDINT_H
| # include <stdint.h>
| #endif
| #ifdef HAVE_UNISTD_H
| # include <unistd.h>
| #endif
| int
| main ()
| {
| if (sizeof ((uint32_t)))
| 	    return 0;
|   ;
|   return 0;
| }
configure:7142: result: yes
configure:7153: checking for int64_t
configure:7153: gcc -c  -O2 -Wall -ansi -pedantic -Wshadow -Wpointer-arith -Wmissing-prototypes -Wwrite-strings -Wno-long-long  conftest.c >&5
configure:7153: $? = 0
configure:7153: gcc -c  -O2 -Wall -ansi -pedantic -Wshadow -Wpointer-arith -Wmissing-prototypes -Wwrite-strings -Wno-long-long  conftest.c >&5
conftest.c: In function 'main':
conftest.c:63:22: error: expected expression before ')' token
configure:7153: $? = 1
configure: failed program was:
| /* confdefs.h */
| #define PACKAGE_NAME ""
| #define PACKAGE_TARNAME ""
| #define PACKAGE_VERSION ""
| #define PACKAGE_STRING ""
| #define PACKAGE_BUGREPORT ""
| #define PACKAGE_URL ""
| #define STDC_HEADERS 1
| #define HAVE_SYS_TYPES_H 1
| #define HAVE_SYS_STAT_H 1
| #define HAVE_STDLIB_H 1
| #define HAVE_STRING_H 1
| #define HAVE_MEMORY_H 1
| #define HAVE_STRINGS_H 1
| #define HAVE_INTTYPES_H 1
| #define HAVE_STDINT_H 1
| #define HAVE_UNISTD_H 1
| #define SIZEOF_VOID_P 4
| #define HAVE_LIBM 1
| #define HAVE_DLFCN_H 1
| #define HAVE_DLOPEN 1
| #define HAVE_GETTIMEOFDAY 1
| #define HAVE_LIBPTHREAD 1
| #define HAVE_INTTYPES_H 1
| #define HAVE_DIRENT_H 1
| /* end confdefs.h.  */
| #include <stdio.h>
| #ifdef HAVE_SYS_TYPES_H
| # include <sys/types.h>
| #endif
| #ifdef HAVE_SYS_STAT_H
| # include <sys/stat.h>
| #endif
| #ifdef STDC_HEADERS
| # include <stdlib.h>
| # include <stddef.h>
| #else
| # ifdef HAVE_STDLIB_H
| #  include <stdlib.h>
| # endif
| #endif
| #ifdef HAVE_STRING_H
| # if !defined STDC_HEADERS && defined HAVE_MEMORY_H
| #  include <memory.h>
| # endif
| # include <string.h>
| #endif
| #ifdef HAVE_STRINGS_H
| # include <strings.h>
| #endif
| #ifdef HAVE_INTTYPES_H
| # include <inttypes.h>
| #endif
| #ifdef HAVE_STDINT_H
| # include <stdint.h>
| #endif
| #ifdef HAVE_UNISTD_H
| # include <unistd.h>
| #endif
| int
| main ()
| {
| if (sizeof ((int64_t)))
| 	    return 0;
|   ;
|   return 0;
| }
configure:7153: result: yes
configure:7164: checking for uint64_t
configure:7164: gcc -c  -O2 -Wall -ansi -pedantic -Wshadow -Wpointer-arith -Wmissing-prototypes -Wwrite-strings -Wno-long-long  conftest.c >&5
configure:7164: $? = 0
configure:7164: gcc -c  -O2 -Wall -ansi -pedantic -Wshadow -Wpointer-arith -Wmissing-prototypes -Wwrite-strings -Wno-long-long  conftest.c >&5
conftest.c: In function 'main':
conftest.c:63:23: error: expected expression before ')' token
configure:7164: $? = 1
configure: failed program was:
| /* confdefs.h */
| #define PACKAGE_NAME ""
| #define PACKAGE_TARNAME ""
| #define PACKAGE_VERSION ""
| #define PACKAGE_STRING ""
| #define PACKAGE_BUGREPORT ""
| #define PACKAGE_URL ""
| #define STDC_HEADERS 1
| #define HAVE_SYS_TYPES_H 1
| #define HAVE_SYS_STAT_H 1
| #define HAVE_STDLIB_H 1
| #define HAVE_STRING_H 1
| #define HAVE_MEMORY_H 1
| #define HAVE_STRINGS_H 1
| #define HAVE_INTTYPES_H 1
| #define HAVE_STDINT_H 1
| #define HAVE_UNISTD_H 1
| #define SIZEOF_VOID_P 4
| #define HAVE_LIBM 1
| #define HAVE_DLFCN_H 1
| #define HAVE_DLOPEN 1
| #define HAVE_GETTIMEOFDAY 1
| #define HAVE_LIBPTHREAD 1
| #define HAVE_INTTYPES_H 1
| #define HAVE_DIRENT_H 1
| /* end confdefs.h.  */
| #include <stdio.h>
| #ifdef HAVE_SYS_TYPES_H
| # include <sys/types.h>
| #endif
| #ifdef HAVE_SYS_STAT_H
| # include <sys/stat.h>
| #endif
| #ifdef STDC_HEADERS
| # include <stdlib.h>
| # include <stddef.h>
| #else
| # ifdef HAVE_STDLIB_H
| #  include <stdlib.h>
| # endif
| #endif
| #ifdef HAVE_STRING_H
| # if !defined STDC_HEADERS && defined HAVE_MEMORY_H
| #  include <memory.h>
| # endif
| # include <string.h>
| #endif
| #ifdef HAVE_STRINGS_H
| # include <strings.h>
| #endif
| #ifdef HAVE_INTTYPES_H
| # include <inttypes.h>
| #endif
| #ifdef HAVE_STDINT_H
| # include <stdint.h>
| #endif
| #ifdef HAVE_UNISTD_H
| # include <unistd.h>
| #endif
| int
| main ()
| {
| if (sizeof ((uint64_t)))
| 	    return 0;
|   ;
|   return 0;
| }
configure:7164: result: yes
configure:7233: checking wchar.h usability
configure:7233: gcc -c  -O2 -Wall -ansi -pedantic -Wshadow -Wpointer-arith -Wmissing-prototypes -Wwrite-strings -Wno-long-long  conftest.c >&5
configure:7233: $? = 0
configure:7233: result: yes
configure:7233: checking wchar.h presence
configure:7233: gcc -E  conftest.c
configure:7233: $? = 0
configure:7233: result: yes
configure:7233: checking for wchar.h
configure:7233: result: yes
configure:7249: checking for library containing wcscpy
configure:7280: gcc -o conftest  -O2 -Wall -ansi -pedantic -Wshadow -Wpointer-arith -Wmissing-prototypes -Wwrite-strings -Wno-long-long   conftest.c -lpthread -ldl -lm  >&5
configure:7280: $? = 0
configure:7297: result: none required
configure:7318: checking size of wchar_t
configure:7323: gcc -o conftest  -O2 -Wall -ansi -pedantic -Wshadow -Wpointer-arith -Wmissing-prototypes -Wwrite-strings -Wno-long-long   conftest.c -lpthread -ldl -lm  >&5
configure:7323: $? = 0
configure:7323: ./conftest
configure:7323: $? = 0
configure:7346: result: 4
configure:7365: checking for UTF-16 string literal support
configure:7501: result: unknown
configure:7635: checking for a library suffix to use
configure:7649: result: none
configure:7857: creating ./config.status

## ---------------------- ##
## Running config.status. ##
## ---------------------- ##

This file was extended by config.status, which was
generated by GNU Autoconf 2.67.  Invocation command line was

  CONFIG_FILES    = 
  CONFIG_HEADERS  = 
  CONFIG_LINKS    = 
  CONFIG_COMMANDS = 
  $ ./config.status 

on lyrical

config.status:980: creating icudefs.mk
config.status:980: creating Makefile
config.status:980: creating data/pkgdataMakefile
config.status:980: creating config/Makefile.inc
config.status:980: creating config/icu.pc
config.status:980: creating config/pkgdataMakefile
config.status:980: creating data/Makefile
config.status:980: creating stubdata/Makefile
config.status:980: creating common/Makefile
config.status:980: creating i18n/Makefile
config.status:980: creating layout/Makefile
config.status:980: creating layoutex/Makefile
config.status:980: creating io/Makefile
config.status:980: creating extra/Makefile
config.status:980: creating extra/uconv/Makefile
config.status:980: creating extra/uconv/pkgdataMakefile
config.status:980: creating extra/scrptrun/Makefile
config.status:980: creating tools/Makefile
config.status:980: creating tools/ctestfw/Makefile
config.status:980: creating tools/toolutil/Makefile
config.status:980: creating tools/makeconv/Makefile
config.status:980: creating tools/genrb/Makefile
config.status:980: creating tools/genccode/Makefile
config.status:980: creating tools/gencmn/Makefile
config.status:980: creating tools/gencnval/Makefile
config.status:980: creating tools/genctd/Makefile
config.status:980: creating tools/gentest/Makefile
config.status:980: creating tools/gennorm2/Makefile
config.status:980: creating tools/genbrk/Makefile
config.status:980: creating tools/gensprep/Makefile
config.status:980: creating tools/icuinfo/Makefile
config.status:980: creating tools/icupkg/Makefile
config.status:980: creating tools/icuswap/Makefile
config.status:980: creating tools/pkgdata/Makefile
config.status:980: creating tools/tzcode/Makefile
config.status:980: creating tools/gencfu/Makefile
config.status:980: creating test/Makefile
config.status:980: creating test/compat/Makefile
config.status:980: creating test/testdata/Makefile
config.status:980: creating test/testdata/pkgdataMakefile
config.status:980: creating test/hdrtst/Makefile
config.status:980: creating test/intltest/Makefile
config.status:980: creating test/cintltst/Makefile
config.status:980: creating test/iotest/Makefile
config.status:980: creating test/letest/Makefile
config.status:980: creating test/perf/Makefile
config.status:980: creating test/perf/collationperf/Makefile
config.status:980: creating test/perf/ubrkperf/Makefile
config.status:980: creating test/perf/charperf/Makefile
config.status:980: creating test/perf/convperf/Makefile
config.status:980: creating test/perf/normperf/Makefile
config.status:980: creating test/perf/DateFmtPerf/Makefile
config.status:980: creating test/perf/strsrchperf/Makefile
config.status:980: creating test/perf/unisetperf/Makefile
config.status:980: creating test/perf/usetperf/Makefile
config.status:980: creating test/perf/ustrperf/Makefile
config.status:980: creating test/perf/utfperf/Makefile
config.status:980: creating test/perf/utrie2perf/Makefile
config.status:980: creating samples/Makefile
config.status:980: creating samples/date/Makefile
config.status:980: creating samples/cal/Makefile
config.status:980: creating samples/layout/Makefile
config.status:980: creating common/unicode/platform.h
config.status:980: creating common/icucfg.h
configure:9114: checking the version of "make"
configure:9117: result: ok

## ---------------- ##
## Cache variables. ##
## ---------------- ##

ac_cv_build=i686-pc-linux-gnu
ac_cv_c_bigendian=no
ac_cv_c_compiler_gnu=yes
ac_cv_c_inline=__inline__
ac_cv_cxx_compiler_gnu=yes
ac_cv_env_CCC_set=
ac_cv_env_CCC_value=
ac_cv_env_CC_set=
ac_cv_env_CC_value=
ac_cv_env_CFLAGS_set=
ac_cv_env_CFLAGS_value=
ac_cv_env_CPPFLAGS_set=
ac_cv_env_CPPFLAGS_value=
ac_cv_env_CPP_set=
ac_cv_env_CPP_value=
ac_cv_env_CXXFLAGS_set=
ac_cv_env_CXXFLAGS_value=
ac_cv_env_CXX_set=
ac_cv_env_CXX_value=
ac_cv_env_LDFLAGS_set=
ac_cv_env_LDFLAGS_value=
ac_cv_env_LIBS_set=
ac_cv_env_LIBS_value=
ac_cv_env_build_alias_set=
ac_cv_env_build_alias_value=
ac_cv_env_host_alias_set=
ac_cv_env_host_alias_value=
ac_cv_env_target_alias_set=
ac_cv_env_target_alias_value=
ac_cv_func_dlopen=yes
ac_cv_func_gettimeofday=yes
ac_cv_func_mmap_ok=yes
ac_cv_func_nl_langinfo=yes
ac_cv_func_popen=yes
ac_cv_func_tzset=yes
ac_cv_header_dirent_h=yes
ac_cv_header_dlfcn_h=yes
ac_cv_header_inttypes_h=yes
ac_cv_header_iostream=yes
ac_cv_header_memory_h=yes
ac_cv_header_stdc=yes
ac_cv_header_stdint_h=yes
ac_cv_header_stdlib_h=yes
ac_cv_header_stdstring=yes
ac_cv_header_string_h=yes
ac_cv_header_strings_h=yes
ac_cv_header_sys_stat_h=yes
ac_cv_header_sys_types_h=yes
ac_cv_header_unistd_h=yes
ac_cv_header_wchar_h=yes
ac_cv_host=i686-pc-linux-gnu
ac_cv_lib_m_floor=yes
ac_cv_lib_pthread_pthread_attr_init=yes
ac_cv_namespace_ok=yes
ac_cv_nl_langinfo_codeset=CODESET
ac_cv_objext=o
ac_cv_override_cxx_allocation_ok=yes
ac_cv_override_placement_new_ok=yes
ac_cv_path_EGREP='/bin/grep -E'
ac_cv_path_GREP=/bin/grep
ac_cv_path_install='/usr/bin/install -c'
ac_cv_prog_CPP='gcc -E'
ac_cv_prog_ac_ct_AR=ar
ac_cv_prog_ac_ct_CC=gcc
ac_cv_prog_ac_ct_CXX=g++
ac_cv_prog_ac_ct_RANLIB=ranlib
ac_cv_prog_cc_c89=
ac_cv_prog_cc_g=yes
ac_cv_prog_cxx_g=yes
ac_cv_search_dlopen=-ldl
ac_cv_search_wcscpy='none required'
ac_cv_sizeof_void_p=4
ac_cv_sizeof_wchar_t=4
ac_cv_target=i686-pc-linux-gnu
ac_cv_type_int16_t=yes
ac_cv_type_int32_t=yes
ac_cv_type_int64_t=yes
ac_cv_type_int8_t=yes
ac_cv_type_uint16_t=yes
ac_cv_type_uint32_t=yes
ac_cv_type_uint64_t=yes
ac_cv_type_uint8_t=yes
ac_cv_var___timezone=yes
ac_cv_var_timezone=no
ac_cv_var_tzname=yes
icu_cv_host_frag=mh-linux

## ----------------- ##
## Output variables. ##
## ----------------- ##

AR='ar'
ARFLAGS=''
CC='gcc'
CFLAGS=' -O2 -Wall -ansi -pedantic -Wshadow -Wpointer-arith -Wmissing-prototypes -Wwrite-strings -Wno-long-long $(THREADSCFLAGS)'
COMPILE_LINK_ENVVAR=''
CPP='gcc -E'
CPPFLAGS=' $(THREADSCPPFLAGS)'
CXX='g++'
CXXFLAGS=' -O2 -W -Wall -ansi -pedantic -Wpointer-arith -Wwrite-strings -Wno-long-long $(THREADSCXXFLAGS)'
DATA_PACKAGING_MODE='dll'
DEFS='-DHAVE_CONFIG_H'
DOXYGEN=''
ECHO_C=''
ECHO_N='-n'
ECHO_T=''
EGREP='/bin/grep -E'
ENABLE_DEBUG='0'
ENABLE_RELEASE='1'
ENABLE_RPATH='NO'
ENABLE_SHARED='YES'
ENABLE_STATIC=''
EXEEXT=''
EXTRAS_TRUE=''
GENCCODE_ASSEMBLY='-a gcc'
GREP='/bin/grep'
HAVE_INT16_T='1'
HAVE_INT32_T='1'
HAVE_INT64_T='1'
HAVE_INT8_T='1'
HAVE_MMAP='1'
HAVE_UINT16_T='1'
HAVE_UINT32_T='1'
HAVE_UINT64_T='1'
HAVE_UINT8_T='1'
ICUDATA_CHAR='l'
ICUIO_TRUE=''
ICULIBSUFFIX=''
ICULIBSUFFIXCNAME=''
ICU_ECHO_C=''
ICU_ECHO_N='-n'
ICU_ECHO_T=''
ICU_USE_THREADS='1'
INSTALL_DATA='${INSTALL} -m 644'
INSTALL_PROGRAM='${INSTALL}'
INSTALL_SCRIPT='${INSTALL}'
LAYOUT_TRUE=''
LDFLAGS=''
LIBCFLAGS='-fvisibility=hidden'
LIBCXXFLAGS='-fvisibility=hidden'
LIBOBJS=''
LIBS='-lpthread -ldl -lm '
LIB_M=''
LIB_THREAD=''
LIB_VERSION='46.0'
LIB_VERSION_MAJOR='46'
LTLIBOBJS=''
OBJEXT='o'
PACKAGE='icu'
PACKAGE_BUGREPORT=''
PACKAGE_NAME=''
PACKAGE_STRING=''
PACKAGE_TARNAME=''
PACKAGE_URL=''
PACKAGE_VERSION=''
PATH_SEPARATOR=':'
RANLIB='ranlib'
SAMPLES_TRUE=''
SHELL='/bin/sh'
TESTS_TRUE=''
THREADS_TRUE=''
UCLN_NO_AUTO_CLEANUP='1'
UNICODE_VERSION='6.0'
U_CHECK_DYLOAD='1'
U_CHECK_GNUC_UTF16_STRING='0'
U_CHECK_UTF16_STRING='1'
U_DEFAULT_SHOW_DRAFT='1'
U_DISABLE_RENAMING='0'
U_ENABLE_DYLOAD='1'
U_ENABLE_TRACING='0'
U_HAVE_DIRENT_H='1'
U_HAVE_GCC_ATOMICS='1'
U_HAVE_INTTYPES_H='1'
U_HAVE_LIB_SUFFIX='0'
U_HAVE_NAMESPACE='1'
U_HAVE_NL_LANGINFO_CODESET='1'
U_HAVE_PLACEMENT_NEW='1'
U_HAVE_POPEN='1'
U_HAVE_STD_STRING='1'
U_HAVE_TIMEZONE='1'
U_HAVE_TZNAME='1'
U_HAVE_TZSET='1'
U_HAVE_WCHAR_H='1'
U_HAVE_WCSCPY='1'
U_INLINE='__inline__'
U_IOSTREAM_SOURCE='199711'
U_IS_BIG_ENDIAN='0'
U_MAKE='make'
U_NL_LANGINFO_CODESET='CODESET'
U_OVERRIDE_CXX_ALLOCATION='1'
U_SIZEOF_WCHAR_T='4'
U_TIMEZONE='__timezone'
U_TZNAME='tzname'
U_TZSET='tzset'
U_USE_GCC_VISIBILITY_ATTRIBUTE='1'
VERSION='4.6'
ac_ct_CC='gcc'
ac_ct_CXX='g++'
bindir='${exec_prefix}/bin'
build='i686-pc-linux-gnu'
build_alias=''
build_cpu='i686'
build_os='linux-gnu'
build_vendor='pc'
cross_buildroot=''
cross_compiling='no'
datadir='${datarootdir}'
datarootdir='${prefix}/share'
docdir='${datarootdir}/doc/${PACKAGE}'
dvidir='${docdir}'
exec_prefix='${prefix}'
host='i686-pc-linux-gnu'
host_alias=''
host_cpu='i686'
host_os='linux-gnu'
host_vendor='pc'
htmldir='${docdir}'
includedir='${prefix}/include'
infodir='${datarootdir}/info'
libdir='${exec_prefix}/lib'
libexecdir='${exec_prefix}/libexec'
localedir='${datarootdir}/locale'
localstatedir='${prefix}/var'
mandir='${datarootdir}/man'
oldincludedir='/usr/include'
pdfdir='${docdir}'
pkgicudatadir='${datarootdir}'
platform='U_LINUX'
platform_make_fragment='$(top_srcdir)/config/mh-linux'
platform_make_fragment_name='mh-linux'
prefix='/usr/local'
program_transform_name='s,x,x,'
psdir='${docdir}'
sbindir='${exec_prefix}/sbin'
sharedstatedir='${prefix}/com'
sysconfdir='${prefix}/etc'
target='i686-pc-linux-gnu'
target_alias=''
target_cpu='i686'
target_os='linux-gnu'
target_vendor='pc'
thepkgicudatadir='${prefix}/share'

## ----------- ##
## confdefs.h. ##
## ----------- ##

/* confdefs.h */
#define PACKAGE_NAME ""
#define PACKAGE_TARNAME ""
#define PACKAGE_VERSION ""
#define PACKAGE_STRING ""
#define PACKAGE_BUGREPORT ""
#define PACKAGE_URL ""
#define STDC_HEADERS 1
#define HAVE_SYS_TYPES_H 1
#define HAVE_SYS_STAT_H 1
#define HAVE_STDLIB_H 1
#define HAVE_STRING_H 1
#define HAVE_MEMORY_H 1
#define HAVE_STRINGS_H 1
#define HAVE_INTTYPES_H 1
#define HAVE_STDINT_H 1
#define HAVE_UNISTD_H 1
#define SIZEOF_VOID_P 4
#define HAVE_LIBM 1
#define HAVE_DLFCN_H 1
#define HAVE_DLOPEN 1
#define HAVE_GETTIMEOFDAY 1
#define HAVE_LIBPTHREAD 1
#define HAVE_INTTYPES_H 1
#define HAVE_DIRENT_H 1
#define HAVE_WCHAR_H 1
#define SIZEOF_WCHAR_T 4

configure: exit 0
